This file contains any messages produced by compilers while
running configure, to aid debugging if configure makes a mistake.

It was created by jellyfish configure 2.1.4, which was
generated by GNU Autoconf 2.68.  Invocation command line was

  $ ./configure --prefix=/tgac/software/testing/jellyfish/2.1.4-parallel/x86_64/intel/O3-vec/

## --------- ##
## Platform. ##
## --------- ##

hostname = v0267
uname -m = x86_64
uname -r = 2.6.32-431.el6.x86_64
uname -s = Linux
uname -v = #1 SMP Fri Nov 22 03:15:09 UTC 2013

/usr/bin/uname -p = unknown
/bin/uname -X     = unknown

/bin/arch              = x86_64
/usr/bin/arch -k       = unknown
/usr/convex/getsysinfo = unknown
/usr/bin/hostinfo      = unknown
/bin/machine           = unknown
/usr/bin/oslevel       = unknown
/bin/universe          = unknown

PATH: /tgac/software/production/intel_studio/2013.3.sp1/x86_64/composer_xe_2013_sp1.3.174/bin/intel64
PATH: /tgac/software/production/intel_studio/2013.3.sp1/x86_64/composer_xe_2013_sp1.3.174/mpirt/bin/intel64
PATH: /tgac/software/production/intel_studio/2013.3.sp1/x86_64/composer_xe_2013_sp1.3.174/debugger/gdb/intel64_mic/py26/bin
PATH: /tgac/software/production/intel_studio/2013.3.sp1/x86_64/composer_xe_2013_sp1.3.174/debugger/gdb/intel64/py26/bin
PATH: /tgac/software/production/intel_studio/2013.3.sp1/x86_64/composer_xe_2013_sp1.3.174/bin/intel64
PATH: /tgac/software/production/intel_studio/2013.3.sp1/x86_64/composer_xe_2013_sp1.3.174/bin/intel64_mic
PATH: /tgac/software/production/intel_studio/2013.3.sp1/x86_64/composer_xe_2013_sp1.3.174/debugger/gui/intel64
PATH: /tgac/software/testing/bin/core/../..//valgrind/3.8.1/x86_64/bin
PATH: /tgac/software/testing/bin/core/../..//jemalloc/3.6.0/x86_64/bin
PATH: /tgac/software/production/intel_studio/2013.3.sp1/x86_64/composer_xe_2013_sp1.3.174/bin/intel64
PATH: /tgac/software/production/intel_studio/2013.3.sp1/x86_64/composer_xe_2013_sp1.3.174/mpirt/bin/intel64
PATH: /tgac/software/production/intel_studio/2013.3.sp1/x86_64/composer_xe_2013_sp1.3.174/debugger/gdb/intel64_mic/py26/bin
PATH: /tgac/software/production/intel_studio/2013.3.sp1/x86_64/composer_xe_2013_sp1.3.174/debugger/gdb/intel64/py26/bin
PATH: /tgac/software/production/intel_studio/2013.3.sp1/x86_64/composer_xe_2013_sp1.3.174/bin/intel64
PATH: /tgac/software/production/intel_studio/2013.3.sp1/x86_64/composer_xe_2013_sp1.3.174/bin/intel64_mic
PATH: /tgac/software/production/intel_studio/2013.3.sp1/x86_64/composer_xe_2013_sp1.3.174/debugger/gui/intel64
PATH: /tgac/software/testing/bin/core/../..//hpccore/5/x86_64/bin
PATH: /tgac/software/production/bin/core/../..//intel_studio/2013.3.sp1/x86_64/bin
PATH: /usr/local/bin
PATH: /bin
PATH: /usr/bin
PATH: /usr/local/sbin
PATH: /usr/sbin
PATH: /sbin
PATH: /tgac/software/testing/bin
PATH: /tgac/software/testing/libraries/bin
PATH: /tgac/software/production/bin
PATH: /tgac/software/production/libraries/bin


## ----------- ##
## Core tests. ##
## ----------- ##

configure:2445: checking build system type
configure:2459: result: x86_64-unknown-linux-gnu
configure:2479: checking host system type
configure:2492: result: x86_64-unknown-linux-gnu
configure:2529: checking for a BSD-compatible install
configure:2597: result: /usr/bin/install -c
configure:2608: checking whether build environment is sane
configure:2658: result: yes
configure:2799: checking for a thread-safe mkdir -p
configure:2838: result: /bin/mkdir -p
configure:2851: checking for gawk
configure:2867: found /bin/gawk
configure:2878: result: gawk
configure:2889: checking whether make sets $(MAKE)
configure:2911: result: yes
configure:3002: checking whether make supports nested variables
configure:3019: result: yes
configure:3079: checking how to print strings
configure:3106: result: printf
configure:3139: checking for style of include used by make
configure:3167: result: GNU
configure:3238: checking for gcc
configure:3265: result: icc
configure:3494: checking for C compiler version
configure:3503: icc --version >&5
icc (ICC) 14.0.3 20140422
Copyright (C) 1985-2014 Intel Corporation.  All rights reserved.

configure:3514: $? = 0
configure:3503: icc -v >&5
icc version 14.0.3 (gcc version 4.4.6 compatibility)
configure:3514: $? = 0
configure:3503: icc -V >&5
Intel(R) C Intel(R) 64 Compiler XE for applications running on Intel(R) 64, Version 14.0.3.174 Build 20140422
Copyright (C) 1985-2014 Intel Corporation.  All rights reserved.

configure:3514: $? = 0
configure:3503: icc -qversion >&5
icc: command line warning #10006: ignoring unknown option '-qversion'
icc: command line error: no files specified; for help type "icc -help"
configure:3514: $? = 1
configure:3534: checking whether the C compiler works
configure:3556: icc  -lirc -liomp5 -limf -lsvml -lpthread -cxxlib=/tgac/software/testing/gcc/4.8.4/x86_64/ -fabi-version=2 -gcc-name=./gcc -gxx-name=./g++ -O3 -vec-report=5 -axCORE-AVX2 -opt-report=3 -opt-report-file=./report.rpt -I/tgac/software/testing/bin/core/../..//hpccore/5/x86_64/include -I/tgac/software/production/bin/core/../..//intel_studio/2013.3.sp1/x86_64/include  -L/tgac/software/testing/bin/core/../..//hpccore/5/x86_64/include -L/tgac/software/production/bin/core/../..//intel_studio/2013.3.sp1/x86_64/include  -lirc -liomp5 -limf -lsvml -lpthread conftest.c  >&5
configure:3560: $? = 0
configure:3608: result: yes
configure:3611: checking for C compiler default output file name
configure:3613: result: a.out
configure:3619: checking for suffix of executables
configure:3626: icc -o conftest  -lirc -liomp5 -limf -lsvml -lpthread -cxxlib=/tgac/software/testing/gcc/4.8.4/x86_64/ -fabi-version=2 -gcc-name=./gcc -gxx-name=./g++ -O3 -vec-report=5 -axCORE-AVX2 -opt-report=3 -opt-report-file=./report.rpt -I/tgac/software/testing/bin/core/../..//hpccore/5/x86_64/include -I/tgac/software/production/bin/core/../..//intel_studio/2013.3.sp1/x86_64/include  -L/tgac/software/testing/bin/core/../..//hpccore/5/x86_64/include -L/tgac/software/production/bin/core/../..//intel_studio/2013.3.sp1/x86_64/include  -lirc -liomp5 -limf -lsvml -lpthread conftest.c  >&5
configure:3630: $? = 0
configure:3652: result: 
configure:3674: checking whether we are cross compiling
configure:3682: icc -o conftest  -lirc -liomp5 -limf -lsvml -lpthread -cxxlib=/tgac/software/testing/gcc/4.8.4/x86_64/ -fabi-version=2 -gcc-name=./gcc -gxx-name=./g++ -O3 -vec-report=5 -axCORE-AVX2 -opt-report=3 -opt-report-file=./report.rpt -I/tgac/software/testing/bin/core/../..//hpccore/5/x86_64/include -I/tgac/software/production/bin/core/../..//intel_studio/2013.3.sp1/x86_64/include  -L/tgac/software/testing/bin/core/../..//hpccore/5/x86_64/include -L/tgac/software/production/bin/core/../..//intel_studio/2013.3.sp1/x86_64/include  -lirc -liomp5 -limf -lsvml -lpthread conftest.c  >&5
configure:3686: $? = 0
configure:3693: ./conftest
configure:3697: $? = 0
configure:3712: result: no
configure:3717: checking for suffix of object files
configure:3739: icc -c  -lirc -liomp5 -limf -lsvml -lpthread -cxxlib=/tgac/software/testing/gcc/4.8.4/x86_64/ -fabi-version=2 -gcc-name=./gcc -gxx-name=./g++ -O3 -vec-report=5 -axCORE-AVX2 -opt-report=3 -opt-report-file=./report.rpt -I/tgac/software/testing/bin/core/../..//hpccore/5/x86_64/include -I/tgac/software/production/bin/core/../..//intel_studio/2013.3.sp1/x86_64/include  conftest.c >&5
configure:3743: $? = 0
configure:3764: result: o
configure:3768: checking whether we are using the GNU C compiler
configure:3787: icc -c  -lirc -liomp5 -limf -lsvml -lpthread -cxxlib=/tgac/software/testing/gcc/4.8.4/x86_64/ -fabi-version=2 -gcc-name=./gcc -gxx-name=./g++ -O3 -vec-report=5 -axCORE-AVX2 -opt-report=3 -opt-report-file=./report.rpt -I/tgac/software/testing/bin/core/../..//hpccore/5/x86_64/include -I/tgac/software/production/bin/core/../..//intel_studio/2013.3.sp1/x86_64/include  conftest.c >&5
configure:3787: $? = 0
configure:3796: result: yes
configure:3805: checking whether icc accepts -g
configure:3825: icc -c -g -I/tgac/software/testing/bin/core/../..//hpccore/5/x86_64/include -I/tgac/software/production/bin/core/../..//intel_studio/2013.3.sp1/x86_64/include  conftest.c >&5
configure:3825: $? = 0
configure:3866: result: yes
configure:3883: checking for icc option to accept ISO C89
configure:3947: icc  -c  -lirc -liomp5 -limf -lsvml -lpthread -cxxlib=/tgac/software/testing/gcc/4.8.4/x86_64/ -fabi-version=2 -gcc-name=./gcc -gxx-name=./g++ -O3 -vec-report=5 -axCORE-AVX2 -opt-report=3 -opt-report-file=./report.rpt -I/tgac/software/testing/bin/core/../..//hpccore/5/x86_64/include -I/tgac/software/production/bin/core/../..//intel_studio/2013.3.sp1/x86_64/include  conftest.c >&5
configure:3947: $? = 0
configure:3960: result: none needed
configure:3982: checking dependency style of icc
configure:4093: result: gcc3
configure:4108: checking for a sed that does not truncate output
configure:4172: result: /bin/sed
configure:4190: checking for grep that handles long lines and -e
configure:4248: result: /bin/grep
configure:4253: checking for egrep
configure:4315: result: /bin/grep -E
configure:4320: checking for fgrep
configure:4382: result: /bin/grep -F
configure:4417: checking for ld used by icc
configure:4484: result: xild
configure:4491: checking if the linker (xild) is GNU ld
configure:4506: result: yes
configure:4518: checking for BSD- or MS-compatible name lister (nm)
configure:4567: result: /usr/bin/nm -B
configure:4697: checking the name lister (/usr/bin/nm -B) interface
configure:4704: icc -c  -lirc -liomp5 -limf -lsvml -lpthread -cxxlib=/tgac/software/testing/gcc/4.8.4/x86_64/ -fabi-version=2 -gcc-name=./gcc -gxx-name=./g++ -O3 -vec-report=5 -axCORE-AVX2 -opt-report=3 -opt-report-file=./report.rpt -I/tgac/software/testing/bin/core/../..//hpccore/5/x86_64/include -I/tgac/software/production/bin/core/../..//intel_studio/2013.3.sp1/x86_64/include  conftest.c >&5
configure:4707: /usr/bin/nm -B "conftest.o"
configure:4710: output
0000000000000000 B some_variable
configure:4717: result: BSD nm
configure:4720: checking whether ln -s works
configure:4724: result: yes
configure:4732: checking the maximum length of command line arguments
configure:4862: result: 1966080
configure:4879: checking whether the shell understands some XSI constructs
configure:4889: result: yes
configure:4893: checking whether the shell understands "+="
configure:4899: result: yes
configure:4934: checking how to convert x86_64-unknown-linux-gnu file names to x86_64-unknown-linux-gnu format
configure:4974: result: func_convert_file_noop
configure:4981: checking how to convert x86_64-unknown-linux-gnu file names to toolchain format
configure:5001: result: func_convert_file_noop
configure:5008: checking for xild option to reload object files
configure:5015: result: -r
configure:5089: checking for objdump
configure:5105: found /usr/bin/objdump
configure:5116: result: objdump
configure:5148: checking how to recognize dependent libraries
configure:5350: result: pass_all
configure:5435: checking for dlltool
configure:5465: result: no
configure:5495: checking how to associate runtime and link libraries
configure:5522: result: printf %s\n
configure:5583: checking for ar
configure:5599: found /usr/bin/ar
configure:5610: result: ar
configure:5647: checking for archiver @FILE support
configure:5664: icc -c  -lirc -liomp5 -limf -lsvml -lpthread -cxxlib=/tgac/software/testing/gcc/4.8.4/x86_64/ -fabi-version=2 -gcc-name=./gcc -gxx-name=./g++ -O3 -vec-report=5 -axCORE-AVX2 -opt-report=3 -opt-report-file=./report.rpt -I/tgac/software/testing/bin/core/../..//hpccore/5/x86_64/include -I/tgac/software/production/bin/core/../..//intel_studio/2013.3.sp1/x86_64/include  conftest.c >&5
configure:5664: $? = 0
configure:5667: ar cru libconftest.a @conftest.lst >&5
configure:5670: $? = 0
configure:5675: ar cru libconftest.a @conftest.lst >&5
ar: conftest.o: No such file or directory
configure:5678: $? = 1
configure:5690: result: @
configure:5748: checking for strip
configure:5764: found /usr/bin/strip
configure:5775: result: strip
configure:5847: checking for ranlib
configure:5863: found /usr/bin/ranlib
configure:5874: result: ranlib
configure:5976: checking command to parse /usr/bin/nm -B output from icc object
configure:6096: icc -c  -lirc -liomp5 -limf -lsvml -lpthread -cxxlib=/tgac/software/testing/gcc/4.8.4/x86_64/ -fabi-version=2 -gcc-name=./gcc -gxx-name=./g++ -O3 -vec-report=5 -axCORE-AVX2 -opt-report=3 -opt-report-file=./report.rpt -I/tgac/software/testing/bin/core/../..//hpccore/5/x86_64/include -I/tgac/software/production/bin/core/../..//intel_studio/2013.3.sp1/x86_64/include  conftest.c >&5
configure:6099: $? = 0
configure:6103: /usr/bin/nm -B conftest.o \| sed -n -e 's/^.*[ ]\([ABCDGIRSTW][ABCDGIRSTW]*\)[ ][ ]*\([_A-Za-z][_A-Za-z0-9]*\)$/\1 \2 \2/p' | sed '/ __gnu_lto/d' \> conftest.nm
configure:6106: $? = 0
configure:6172: icc -o conftest  -lirc -liomp5 -limf -lsvml -lpthread -cxxlib=/tgac/software/testing/gcc/4.8.4/x86_64/ -fabi-version=2 -gcc-name=./gcc -gxx-name=./g++ -O3 -vec-report=5 -axCORE-AVX2 -opt-report=3 -opt-report-file=./report.rpt -I/tgac/software/testing/bin/core/../..//hpccore/5/x86_64/include -I/tgac/software/production/bin/core/../..//intel_studio/2013.3.sp1/x86_64/include  -L/tgac/software/testing/bin/core/../..//hpccore/5/x86_64/include -L/tgac/software/production/bin/core/../..//intel_studio/2013.3.sp1/x86_64/include  -lirc -liomp5 -limf -lsvml -lpthread conftest.c conftstm.o >&5
configure:6175: $? = 0
configure:6213: result: ok
configure:6250: checking for sysroot
configure:6280: result: no
configure:6357: icc -c  -lirc -liomp5 -limf -lsvml -lpthread -cxxlib=/tgac/software/testing/gcc/4.8.4/x86_64/ -fabi-version=2 -gcc-name=./gcc -gxx-name=./g++ -O3 -vec-report=5 -axCORE-AVX2 -opt-report=3 -opt-report-file=./report.rpt -I/tgac/software/testing/bin/core/../..//hpccore/5/x86_64/include -I/tgac/software/production/bin/core/../..//intel_studio/2013.3.sp1/x86_64/include  conftest.c >&5
configure:6360: $? = 0
configure:6536: checking for mt
configure:6566: result: no
configure:6586: checking if : is a manifest tool
configure:6592: : '-?'
configure:6600: result: no
configure:7242: checking how to run the C preprocessor
configure:7312: result: icc -E
configure:7332: icc -E -I/tgac/software/testing/bin/core/../..//hpccore/5/x86_64/include -I/tgac/software/production/bin/core/../..//intel_studio/2013.3.sp1/x86_64/include  conftest.c
configure:7332: $? = 0
configure:7346: icc -E -I/tgac/software/testing/bin/core/../..//hpccore/5/x86_64/include -I/tgac/software/production/bin/core/../..//intel_studio/2013.3.sp1/x86_64/include  conftest.c
conftest.c(11): error #2379: cannot open source file "ac_nonexistent.h"
  #include <ac_nonexistent.h>
                             ^

configure:7346: $? = 2
configure: failed program was:
| /* confdefs.h */
| #define PACKAGE_NAME "jellyfish"
| #define PACKAGE_TARNAME "jellyfish"
| #define PACKAGE_VERSION "2.1.4"
| #define PACKAGE_STRING "jellyfish 2.1.4"
| #define PACKAGE_BUGREPORT "gmarcais@umd.edu"
| #define PACKAGE_URL ""
| #define PACKAGE "jellyfish"
| #define VERSION "2.1.4"
| /* end confdefs.h.  */
| #include <ac_nonexistent.h>
configure:7375: checking for ANSI C header files
configure:7395: icc -c  -lirc -liomp5 -limf -lsvml -lpthread -cxxlib=/tgac/software/testing/gcc/4.8.4/x86_64/ -fabi-version=2 -gcc-name=./gcc -gxx-name=./g++ -O3 -vec-report=5 -axCORE-AVX2 -opt-report=3 -opt-report-file=./report.rpt -I/tgac/software/testing/bin/core/../..//hpccore/5/x86_64/include -I/tgac/software/production/bin/core/../..//intel_studio/2013.3.sp1/x86_64/include  conftest.c >&5
configure:7395: $? = 0
configure:7468: icc -o conftest  -lirc -liomp5 -limf -lsvml -lpthread -cxxlib=/tgac/software/testing/gcc/4.8.4/x86_64/ -fabi-version=2 -gcc-name=./gcc -gxx-name=./g++ -O3 -vec-report=5 -axCORE-AVX2 -opt-report=3 -opt-report-file=./report.rpt -I/tgac/software/testing/bin/core/../..//hpccore/5/x86_64/include -I/tgac/software/production/bin/core/../..//intel_studio/2013.3.sp1/x86_64/include  -L/tgac/software/testing/bin/core/../..//hpccore/5/x86_64/include -L/tgac/software/production/bin/core/../..//intel_studio/2013.3.sp1/x86_64/include  -lirc -liomp5 -limf -lsvml -lpthread conftest.c  >&5
conftest.c(26): (col. 3) remark: loop was not vectorized: nonstandard loop is not a vectorization candidate
configure:7468: $? = 0
configure:7468: ./conftest
configure:7468: $? = 0
configure:7479: result: yes
configure:7492: checking for sys/types.h
configure:7492: icc -c  -lirc -liomp5 -limf -lsvml -lpthread -cxxlib=/tgac/software/testing/gcc/4.8.4/x86_64/ -fabi-version=2 -gcc-name=./gcc -gxx-name=./g++ -O3 -vec-report=5 -axCORE-AVX2 -opt-report=3 -opt-report-file=./report.rpt -I/tgac/software/testing/bin/core/../..//hpccore/5/x86_64/include -I/tgac/software/production/bin/core/../..//intel_studio/2013.3.sp1/x86_64/include  conftest.c >&5
configure:7492: $? = 0
configure:7492: result: yes
configure:7492: checking for sys/stat.h
configure:7492: icc -c  -lirc -liomp5 -limf -lsvml -lpthread -cxxlib=/tgac/software/testing/gcc/4.8.4/x86_64/ -fabi-version=2 -gcc-name=./gcc -gxx-name=./g++ -O3 -vec-report=5 -axCORE-AVX2 -opt-report=3 -opt-report-file=./report.rpt -I/tgac/software/testing/bin/core/../..//hpccore/5/x86_64/include -I/tgac/software/production/bin/core/../..//intel_studio/2013.3.sp1/x86_64/include  conftest.c >&5
configure:7492: $? = 0
configure:7492: result: yes
configure:7492: checking for stdlib.h
configure:7492: icc -c  -lirc -liomp5 -limf -lsvml -lpthread -cxxlib=/tgac/software/testing/gcc/4.8.4/x86_64/ -fabi-version=2 -gcc-name=./gcc -gxx-name=./g++ -O3 -vec-report=5 -axCORE-AVX2 -opt-report=3 -opt-report-file=./report.rpt -I/tgac/software/testing/bin/core/../..//hpccore/5/x86_64/include -I/tgac/software/production/bin/core/../..//intel_studio/2013.3.sp1/x86_64/include  conftest.c >&5
configure:7492: $? = 0
configure:7492: result: yes
configure:7492: checking for string.h
configure:7492: icc -c  -lirc -liomp5 -limf -lsvml -lpthread -cxxlib=/tgac/software/testing/gcc/4.8.4/x86_64/ -fabi-version=2 -gcc-name=./gcc -gxx-name=./g++ -O3 -vec-report=5 -axCORE-AVX2 -opt-report=3 -opt-report-file=./report.rpt -I/tgac/software/testing/bin/core/../..//hpccore/5/x86_64/include -I/tgac/software/production/bin/core/../..//intel_studio/2013.3.sp1/x86_64/include  conftest.c >&5
configure:7492: $? = 0
configure:7492: result: yes
configure:7492: checking for memory.h
configure:7492: icc -c  -lirc -liomp5 -limf -lsvml -lpthread -cxxlib=/tgac/software/testing/gcc/4.8.4/x86_64/ -fabi-version=2 -gcc-name=./gcc -gxx-name=./g++ -O3 -vec-report=5 -axCORE-AVX2 -opt-report=3 -opt-report-file=./report.rpt -I/tgac/software/testing/bin/core/../..//hpccore/5/x86_64/include -I/tgac/software/production/bin/core/../..//intel_studio/2013.3.sp1/x86_64/include  conftest.c >&5
configure:7492: $? = 0
configure:7492: result: yes
configure:7492: checking for strings.h
configure:7492: icc -c  -lirc -liomp5 -limf -lsvml -lpthread -cxxlib=/tgac/software/testing/gcc/4.8.4/x86_64/ -fabi-version=2 -gcc-name=./gcc -gxx-name=./g++ -O3 -vec-report=5 -axCORE-AVX2 -opt-report=3 -opt-report-file=./report.rpt -I/tgac/software/testing/bin/core/../..//hpccore/5/x86_64/include -I/tgac/software/production/bin/core/../..//intel_studio/2013.3.sp1/x86_64/include  conftest.c >&5
configure:7492: $? = 0
configure:7492: result: yes
configure:7492: checking for inttypes.h
configure:7492: icc -c  -lirc -liomp5 -limf -lsvml -lpthread -cxxlib=/tgac/software/testing/gcc/4.8.4/x86_64/ -fabi-version=2 -gcc-name=./gcc -gxx-name=./g++ -O3 -vec-report=5 -axCORE-AVX2 -opt-report=3 -opt-report-file=./report.rpt -I/tgac/software/testing/bin/core/../..//hpccore/5/x86_64/include -I/tgac/software/production/bin/core/../..//intel_studio/2013.3.sp1/x86_64/include  conftest.c >&5
configure:7492: $? = 0
configure:7492: result: yes
configure:7492: checking for stdint.h
configure:7492: icc -c  -lirc -liomp5 -limf -lsvml -lpthread -cxxlib=/tgac/software/testing/gcc/4.8.4/x86_64/ -fabi-version=2 -gcc-name=./gcc -gxx-name=./g++ -O3 -vec-report=5 -axCORE-AVX2 -opt-report=3 -opt-report-file=./report.rpt -I/tgac/software/testing/bin/core/../..//hpccore/5/x86_64/include -I/tgac/software/production/bin/core/../..//intel_studio/2013.3.sp1/x86_64/include  conftest.c >&5
configure:7492: $? = 0
configure:7492: result: yes
configure:7492: checking for unistd.h
configure:7492: icc -c  -lirc -liomp5 -limf -lsvml -lpthread -cxxlib=/tgac/software/testing/gcc/4.8.4/x86_64/ -fabi-version=2 -gcc-name=./gcc -gxx-name=./g++ -O3 -vec-report=5 -axCORE-AVX2 -opt-report=3 -opt-report-file=./report.rpt -I/tgac/software/testing/bin/core/../..//hpccore/5/x86_64/include -I/tgac/software/production/bin/core/../..//intel_studio/2013.3.sp1/x86_64/include  conftest.c >&5
configure:7492: $? = 0
configure:7492: result: yes
configure:7506: checking for dlfcn.h
configure:7506: icc -c  -lirc -liomp5 -limf -lsvml -lpthread -cxxlib=/tgac/software/testing/gcc/4.8.4/x86_64/ -fabi-version=2 -gcc-name=./gcc -gxx-name=./g++ -O3 -vec-report=5 -axCORE-AVX2 -opt-report=3 -opt-report-file=./report.rpt -I/tgac/software/testing/bin/core/../..//hpccore/5/x86_64/include -I/tgac/software/production/bin/core/../..//intel_studio/2013.3.sp1/x86_64/include  conftest.c >&5
configure:7506: $? = 0
configure:7506: result: yes
configure:7712: checking for objdir
configure:7727: result: .libs
configure:7998: checking if icc supports -fno-rtti -fno-exceptions
configure:8016: icc -c  -lirc -liomp5 -limf -lsvml -lpthread -cxxlib=/tgac/software/testing/gcc/4.8.4/x86_64/ -fabi-version=2 -gcc-name=./gcc -gxx-name=./g++ -O3 -vec-report=5 -axCORE-AVX2 -opt-report=3 -opt-report-file=./report.rpt -I/tgac/software/testing/bin/core/../..//hpccore/5/x86_64/include -I/tgac/software/production/bin/core/../..//intel_studio/2013.3.sp1/x86_64/include  -fno-rtti -fno-exceptions conftest.c >&5
configure:8020: $? = 0
configure:8033: result: yes
configure:8360: checking for icc option to produce PIC
configure:8367: result: -fPIC -DPIC
configure:8375: checking if icc PIC flag -fPIC -DPIC works
configure:8393: icc -c  -lirc -liomp5 -limf -lsvml -lpthread -cxxlib=/tgac/software/testing/gcc/4.8.4/x86_64/ -fabi-version=2 -gcc-name=./gcc -gxx-name=./g++ -O3 -vec-report=5 -axCORE-AVX2 -opt-report=3 -opt-report-file=./report.rpt -I/tgac/software/testing/bin/core/../..//hpccore/5/x86_64/include -I/tgac/software/production/bin/core/../..//intel_studio/2013.3.sp1/x86_64/include  -fPIC -DPIC -DPIC conftest.c >&5
configure:8397: $? = 0
configure:8410: result: yes
configure:8439: checking if icc static flag -static works
configure:8467: result: no
configure:8482: checking if icc supports -c -o file.o
configure:8503: icc -c  -lirc -liomp5 -limf -lsvml -lpthread -cxxlib=/tgac/software/testing/gcc/4.8.4/x86_64/ -fabi-version=2 -gcc-name=./gcc -gxx-name=./g++ -O3 -vec-report=5 -axCORE-AVX2 -opt-report=3 -opt-report-file=./report.rpt -I/tgac/software/testing/bin/core/../..//hpccore/5/x86_64/include -I/tgac/software/production/bin/core/../..//intel_studio/2013.3.sp1/x86_64/include  -o out/conftest2.o conftest.c >&5
configure:8507: $? = 0
configure:8529: result: yes
configure:8537: checking if icc supports -c -o file.o
configure:8584: result: yes
configure:8617: checking whether the icc linker (xild -m elf_x86_64) supports shared libraries
configure:9770: result: yes
configure:9807: checking whether -lc should be explicitly linked in
configure:9815: icc -c  -lirc -liomp5 -limf -lsvml -lpthread -cxxlib=/tgac/software/testing/gcc/4.8.4/x86_64/ -fabi-version=2 -gcc-name=./gcc -gxx-name=./g++ -O3 -vec-report=5 -axCORE-AVX2 -opt-report=3 -opt-report-file=./report.rpt -I/tgac/software/testing/bin/core/../..//hpccore/5/x86_64/include -I/tgac/software/production/bin/core/../..//intel_studio/2013.3.sp1/x86_64/include  conftest.c >&5
configure:9818: $? = 0
configure:9833: icc -shared  -fPIC -DPIC conftest.o  -v -Wl,-soname -Wl,conftest -o conftest 2\>\&1 \| /bin/grep  -lc  \>/dev/null 2\>\&1
configure:9836: $? = 0
configure:9850: result: no
configure:10010: checking dynamic linker characteristics
configure:10521: icc -o conftest  -lirc -liomp5 -limf -lsvml -lpthread -cxxlib=/tgac/software/testing/gcc/4.8.4/x86_64/ -fabi-version=2 -gcc-name=./gcc -gxx-name=./g++ -O3 -vec-report=5 -axCORE-AVX2 -opt-report=3 -opt-report-file=./report.rpt -I/tgac/software/testing/bin/core/../..//hpccore/5/x86_64/include -I/tgac/software/production/bin/core/../..//intel_studio/2013.3.sp1/x86_64/include  -L/tgac/software/testing/bin/core/../..//hpccore/5/x86_64/include -L/tgac/software/production/bin/core/../..//intel_studio/2013.3.sp1/x86_64/include  -lirc -liomp5 -limf -lsvml -lpthread -Wl,-rpath -Wl,/foo conftest.c  >&5
configure:10521: $? = 0
configure:10747: result: GNU/Linux ld.so
configure:10854: checking how to hardcode library paths into programs
configure:10879: result: immediate
configure:11419: checking whether stripping libraries is possible
configure:11424: result: yes
configure:11459: checking if libtool supports shared libraries
configure:11461: result: yes
configure:11464: checking whether to build shared libraries
configure:11485: result: yes
configure:11488: checking whether to build static libraries
configure:11492: result: yes
configure:11652: checking for C++ compiler version
configure:11661: icpc --version >&5
icpc (ICC) 14.0.3 20140422
Copyright (C) 1985-2014 Intel Corporation.  All rights reserved.

configure:11672: $? = 0
configure:11661: icpc -v >&5
icpc version 14.0.3 (gcc version 4.4.6 compatibility)
configure:11672: $? = 0
configure:11661: icpc -V >&5
Intel(R) C++ Intel(R) 64 Compiler XE for applications running on Intel(R) 64, Version 14.0.3.174 Build 20140422
Copyright (C) 1985-2014 Intel Corporation.  All rights reserved.

configure:11672: $? = 0
configure:11661: icpc -qversion >&5
icpc: command line warning #10006: ignoring unknown option '-qversion'
icpc: command line error: no files specified; for help type "icpc -help"
configure:11672: $? = 1
configure:11676: checking whether we are using the GNU C++ compiler
configure:11695: icpc -c -std=c++0x  -lirc -liomp5 -limf -lsvml -lpthread -cxxlib=/tgac/software/testing/gcc/4.8.4/x86_64/ -fabi-version=2 -gcc-name=./gcc -gxx-name=./g++ -O3 -vec-report=5 -axCORE-AVX2 -opt-report=3 -opt-report-file=./report.rpt -I/tgac/software/testing/bin/core/../..//hpccore/5/x86_64/include -I/tgac/software/production/bin/core/../..//intel_studio/2013.3.sp1/x86_64/include  conftest.cpp >&5
configure:11695: $? = 0
configure:11704: result: yes
configure:11713: checking whether icpc accepts -g
configure:11733: icpc -c -g -I/tgac/software/testing/bin/core/../..//hpccore/5/x86_64/include -I/tgac/software/production/bin/core/../..//intel_studio/2013.3.sp1/x86_64/include  conftest.cpp >&5
configure:11733: $? = 0
configure:11774: result: yes
configure:11799: checking dependency style of icpc
configure:11910: result: gcc3
configure:11943: checking how to run the C++ preprocessor
configure:12009: result: icpc -E
configure:12029: icpc -E -I/tgac/software/testing/bin/core/../..//hpccore/5/x86_64/include -I/tgac/software/production/bin/core/../..//intel_studio/2013.3.sp1/x86_64/include  conftest.cpp
configure:12029: $? = 0
configure:12043: icpc -E -I/tgac/software/testing/bin/core/../..//hpccore/5/x86_64/include -I/tgac/software/production/bin/core/../..//intel_studio/2013.3.sp1/x86_64/include  conftest.cpp
conftest.cpp(23): error #2379: cannot open source file "ac_nonexistent.h"
  #include <ac_nonexistent.h>
                             ^

configure:12043: $? = 2
configure: failed program was:
| /* confdefs.h */
| #define PACKAGE_NAME "jellyfish"
| #define PACKAGE_TARNAME "jellyfish"
| #define PACKAGE_VERSION "2.1.4"
| #define PACKAGE_STRING "jellyfish 2.1.4"
| #define PACKAGE_BUGREPORT "gmarcais@umd.edu"
| #define PACKAGE_URL ""
| #define PACKAGE "jellyfish"
| #define VERSION "2.1.4"
| #define STDC_HEADERS 1
| #define HAVE_SYS_TYPES_H 1
| #define HAVE_SYS_STAT_H 1
| #define HAVE_STDLIB_H 1
| #define HAVE_STRING_H 1
| #define HAVE_MEMORY_H 1
| #define HAVE_STRINGS_H 1
| #define HAVE_INTTYPES_H 1
| #define HAVE_STDINT_H 1
| #define HAVE_UNISTD_H 1
| #define HAVE_DLFCN_H 1
| #define LT_OBJDIR ".libs/"
| /* end confdefs.h.  */
| #include <ac_nonexistent.h>
configure:12212: checking for ld used by icpc
configure:12279: result: xild -m elf_x86_64
configure:12286: checking if the linker (xild -m elf_x86_64) is GNU ld
configure:12301: result: yes
configure:12356: checking whether the icpc linker (xild -m elf_x86_64) supports shared libraries
configure:13361: result: yes
configure:13397: icpc -c -std=c++0x  -lirc -liomp5 -limf -lsvml -lpthread -cxxlib=/tgac/software/testing/gcc/4.8.4/x86_64/ -fabi-version=2 -gcc-name=./gcc -gxx-name=./g++ -O3 -vec-report=5 -axCORE-AVX2 -opt-report=3 -opt-report-file=./report.rpt -I/tgac/software/testing/bin/core/../..//hpccore/5/x86_64/include -I/tgac/software/production/bin/core/../..//intel_studio/2013.3.sp1/x86_64/include  conftest.cpp >&5
configure:13400: $? = 0
configure:13920: checking for icpc option to produce PIC
configure:13927: result: -fPIC -DPIC
configure:13935: checking if icpc PIC flag -fPIC -DPIC works
configure:13953: icpc -c -std=c++0x  -lirc -liomp5 -limf -lsvml -lpthread -cxxlib=/tgac/software/testing/gcc/4.8.4/x86_64/ -fabi-version=2 -gcc-name=./gcc -gxx-name=./g++ -O3 -vec-report=5 -axCORE-AVX2 -opt-report=3 -opt-report-file=./report.rpt -I/tgac/software/testing/bin/core/../..//hpccore/5/x86_64/include -I/tgac/software/production/bin/core/../..//intel_studio/2013.3.sp1/x86_64/include  -fPIC -DPIC -DPIC conftest.cpp >&5
configure:13957: $? = 0
configure:13970: result: yes
configure:13993: checking if icpc static flag -static works
configure:14021: result: no
configure:14033: checking if icpc supports -c -o file.o
configure:14054: icpc -c -std=c++0x  -lirc -liomp5 -limf -lsvml -lpthread -cxxlib=/tgac/software/testing/gcc/4.8.4/x86_64/ -fabi-version=2 -gcc-name=./gcc -gxx-name=./g++ -O3 -vec-report=5 -axCORE-AVX2 -opt-report=3 -opt-report-file=./report.rpt -I/tgac/software/testing/bin/core/../..//hpccore/5/x86_64/include -I/tgac/software/production/bin/core/../..//intel_studio/2013.3.sp1/x86_64/include  -o out/conftest2.o conftest.cpp >&5
configure:14058: $? = 0
configure:14080: result: yes
configure:14085: checking if icpc supports -c -o file.o
configure:14132: result: yes
configure:14162: checking whether the icpc linker (xild -m elf_x86_64) supports shared libraries
configure:14198: result: yes
configure:14339: checking dynamic linker characteristics
configure:15010: result: GNU/Linux ld.so
configure:15063: checking how to hardcode library paths into programs
configure:15088: result: immediate
configure:15138: checking for md5sum
configure:15154: found /usr/bin/md5sum
configure:15165: result: md5sum
configure:15222: checking for yaggo
configure:15253: result: false
configure:15355: checking for pkg-config
configure:15373: found /usr/bin/pkg-config
configure:15385: result: /usr/bin/pkg-config
configure:15410: checking pkg-config is at least version 0.9.0
configure:15413: result: yes
configure:15529: checking for __int128
configure:15529: icpc -c -std=c++0x  -lirc -liomp5 -limf -lsvml -lpthread -cxxlib=/tgac/software/testing/gcc/4.8.4/x86_64/ -fabi-version=2 -gcc-name=./gcc -gxx-name=./g++ -O3 -vec-report=5 -axCORE-AVX2 -opt-report=3 -opt-report-file=./report.rpt -I/tgac/software/testing/bin/core/../..//hpccore/5/x86_64/include -I/tgac/software/production/bin/core/../..//intel_studio/2013.3.sp1/x86_64/include  conftest.cpp >&5
configure:15529: $? = 0
configure:15529: icpc -c -std=c++0x  -lirc -liomp5 -limf -lsvml -lpthread -cxxlib=/tgac/software/testing/gcc/4.8.4/x86_64/ -fabi-version=2 -gcc-name=./gcc -gxx-name=./g++ -O3 -vec-report=5 -axCORE-AVX2 -opt-report=3 -opt-report-file=./report.rpt -I/tgac/software/testing/bin/core/../..//hpccore/5/x86_64/include -I/tgac/software/production/bin/core/../..//intel_studio/2013.3.sp1/x86_64/include  conftest.cpp >&5
conftest.cpp(60): error: expected an expression
  if (sizeof ((__int128)))
                        ^

compilation aborted for conftest.cpp (code 2)
configure:15529: $? = 2
configure: failed program was:
| /* confdefs.h */
| #define PACKAGE_NAME "jellyfish"
| #define PACKAGE_TARNAME "jellyfish"
| #define PACKAGE_VERSION "2.1.4"
| #define PACKAGE_STRING "jellyfish 2.1.4"
| #define PACKAGE_BUGREPORT "gmarcais@umd.edu"
| #define PACKAGE_URL ""
| #define PACKAGE "jellyfish"
| #define VERSION "2.1.4"
| #define STDC_HEADERS 1
| #define HAVE_SYS_TYPES_H 1
| #define HAVE_SYS_STAT_H 1
| #define HAVE_STDLIB_H 1
| #define HAVE_STRING_H 1
| #define HAVE_MEMORY_H 1
| #define HAVE_STRINGS_H 1
| #define HAVE_INTTYPES_H 1
| #define HAVE_STDINT_H 1
| #define HAVE_UNISTD_H 1
| #define HAVE_DLFCN_H 1
| #define LT_OBJDIR ".libs/"
| #define HAVE_SSE 1
| /* end confdefs.h.  */
| #include <stdio.h>
| #ifdef HAVE_SYS_TYPES_H
| # include <sys/types.h>
| #endif
| #ifdef HAVE_SYS_STAT_H
| # include <sys/stat.h>
| #endif
| #ifdef STDC_HEADERS
| # include <stdlib.h>
| # include <stddef.h>
| #else
| # ifdef HAVE_STDLIB_H
| #  include <stdlib.h>
| # endif
| #endif
| #ifdef HAVE_STRING_H
| # if !defined STDC_HEADERS && defined HAVE_MEMORY_H
| #  include <memory.h>
| # endif
| # include <string.h>
| #endif
| #ifdef HAVE_STRINGS_H
| # include <strings.h>
| #endif
| #ifdef HAVE_INTTYPES_H
| # include <inttypes.h>
| #endif
| #ifdef HAVE_STDINT_H
| # include <stdint.h>
| #endif
| #ifdef HAVE_UNISTD_H
| # include <unistd.h>
| #endif
| int
| main ()
| {
| if (sizeof ((__int128)))
| 	    return 0;
|   ;
|   return 0;
| }
configure:15529: result: yes
configure:15536: checking for std::numeric_limits<__int128>
configure:15550: icpc -c -std=c++0x  -lirc -liomp5 -limf -lsvml -lpthread -cxxlib=/tgac/software/testing/gcc/4.8.4/x86_64/ -fabi-version=2 -gcc-name=./gcc -gxx-name=./g++ -O3 -vec-report=5 -axCORE-AVX2 -opt-report=3 -opt-report-file=./report.rpt -I/tgac/software/testing/bin/core/../..//hpccore/5/x86_64/include -I/tgac/software/production/bin/core/../..//intel_studio/2013.3.sp1/x86_64/include  conftest.cpp >&5
conftest.cpp(30): error: incomplete type is not allowed
  StaticAssert<std::numeric_limits<__int128>::is_specialized>::assert();
  ^

compilation aborted for conftest.cpp (code 2)
configure:15550: $? = 2
configure: failed program was:
| /* confdefs.h */
| #define PACKAGE_NAME "jellyfish"
| #define PACKAGE_TARNAME "jellyfish"
| #define PACKAGE_VERSION "2.1.4"
| #define PACKAGE_STRING "jellyfish 2.1.4"
| #define PACKAGE_BUGREPORT "gmarcais@umd.edu"
| #define PACKAGE_URL ""
| #define PACKAGE "jellyfish"
| #define VERSION "2.1.4"
| #define STDC_HEADERS 1
| #define HAVE_SYS_TYPES_H 1
| #define HAVE_SYS_STAT_H 1
| #define HAVE_STDLIB_H 1
| #define HAVE_STRING_H 1
| #define HAVE_MEMORY_H 1
| #define HAVE_STRINGS_H 1
| #define HAVE_INTTYPES_H 1
| #define HAVE_STDINT_H 1
| #define HAVE_UNISTD_H 1
| #define HAVE_DLFCN_H 1
| #define LT_OBJDIR ".libs/"
| #define HAVE_SSE 1
| #define HAVE_INT128 1
| /* end confdefs.h.  */
| #include <limits>
|                                             template<bool> struct StaticAssert; template<> struct StaticAssert<true> { static void assert() { } };
| int
| main ()
| {
| StaticAssert<std::numeric_limits<__int128>::is_specialized>::assert();
|   ;
|   return 0;
| }
configure:15557: result: no
configure:15564: checking for _NSGetExecutablePath
configure:15577: icpc -o conftest -std=c++0x  -lirc -liomp5 -limf -lsvml -lpthread -cxxlib=/tgac/software/testing/gcc/4.8.4/x86_64/ -fabi-version=2 -gcc-name=./gcc -gxx-name=./g++ -O3 -vec-report=5 -axCORE-AVX2 -opt-report=3 -opt-report-file=./report.rpt -I/tgac/software/testing/bin/core/../..//hpccore/5/x86_64/include -I/tgac/software/production/bin/core/../..//intel_studio/2013.3.sp1/x86_64/include  -L/tgac/software/testing/bin/core/../..//hpccore/5/x86_64/include -L/tgac/software/production/bin/core/../..//intel_studio/2013.3.sp1/x86_64/include  -lirc -liomp5 -limf -lsvml -lpthread conftest.cpp  >&5
conftest.cpp(25): catastrophic error: cannot open source file "mach-o/dyld.h"
  #include <mach-o/dyld.h>
                          ^

compilation aborted for conftest.cpp (code 4)
configure:15577: $? = 4
configure: failed program was:
| /* confdefs.h */
| #define PACKAGE_NAME "jellyfish"
| #define PACKAGE_TARNAME "jellyfish"
| #define PACKAGE_VERSION "2.1.4"
| #define PACKAGE_STRING "jellyfish 2.1.4"
| #define PACKAGE_BUGREPORT "gmarcais@umd.edu"
| #define PACKAGE_URL ""
| #define PACKAGE "jellyfish"
| #define VERSION "2.1.4"
| #define STDC_HEADERS 1
| #define HAVE_SYS_TYPES_H 1
| #define HAVE_SYS_STAT_H 1
| #define HAVE_STDLIB_H 1
| #define HAVE_STRING_H 1
| #define HAVE_MEMORY_H 1
| #define HAVE_STRINGS_H 1
| #define HAVE_INTTYPES_H 1
| #define HAVE_STDINT_H 1
| #define HAVE_UNISTD_H 1
| #define HAVE_DLFCN_H 1
| #define LT_OBJDIR ".libs/"
| #define HAVE_SSE 1
| #define HAVE_INT128 1
| /* end confdefs.h.  */
| #include <mach-o/dyld.h>
| int
| main ()
| {
| _NSGetExecutablePath(0, 0);
|   ;
|   return 0;
| }
configure:15584: result: no
configure:15597: checking for execinfo.h
configure:15597: icpc -c -std=c++0x  -lirc -liomp5 -limf -lsvml -lpthread -cxxlib=/tgac/software/testing/gcc/4.8.4/x86_64/ -fabi-version=2 -gcc-name=./gcc -gxx-name=./g++ -O3 -vec-report=5 -axCORE-AVX2 -opt-report=3 -opt-report-file=./report.rpt -I/tgac/software/testing/bin/core/../..//hpccore/5/x86_64/include -I/tgac/software/production/bin/core/../..//intel_studio/2013.3.sp1/x86_64/include  conftest.cpp >&5
configure:15597: $? = 0
configure:15597: result: yes
configure:15597: checking for ext/stdio_filebuf.h
configure:15597: icpc -c -std=c++0x  -lirc -liomp5 -limf -lsvml -lpthread -cxxlib=/tgac/software/testing/gcc/4.8.4/x86_64/ -fabi-version=2 -gcc-name=./gcc -gxx-name=./g++ -O3 -vec-report=5 -axCORE-AVX2 -opt-report=3 -opt-report-file=./report.rpt -I/tgac/software/testing/bin/core/../..//hpccore/5/x86_64/include -I/tgac/software/production/bin/core/../..//intel_studio/2013.3.sp1/x86_64/include  conftest.cpp >&5
configure:15597: $? = 0
configure:15597: result: yes
configure:15613: checking for siginfo_t.si_int
configure:15613: icpc -c -std=c++0x  -lirc -liomp5 -limf -lsvml -lpthread -cxxlib=/tgac/software/testing/gcc/4.8.4/x86_64/ -fabi-version=2 -gcc-name=./gcc -gxx-name=./g++ -O3 -vec-report=5 -axCORE-AVX2 -opt-report=3 -opt-report-file=./report.rpt -I/tgac/software/testing/bin/core/../..//hpccore/5/x86_64/include -I/tgac/software/production/bin/core/../..//intel_studio/2013.3.sp1/x86_64/include  conftest.cpp >&5
configure:15613: $? = 0
configure:15613: result: yes
configure:15769: creating ./config.status

## ---------------------- ##
## Running config.status. ##
## ---------------------- ##

This file was extended by jellyfish config.status 2.1.4, which was
generated by GNU Autoconf 2.68.  Invocation command line was

  CONFIG_FILES    = 
  CONFIG_HEADERS  = 
  CONFIG_LINKS    = 
  CONFIG_COMMANDS = 
  $ ./config.status 

on v0267

config.status:1177: creating Makefile
config.status:1163: error: cannot find input file: `tests/compat.sh.in'

## ---------------- ##
## Cache variables. ##
## ---------------- ##

ac_cv_build=x86_64-unknown-linux-gnu
ac_cv_c_compiler_gnu=yes
ac_cv_cxx_compiler_gnu=yes
ac_cv_env_CCC_set=
ac_cv_env_CCC_value=
ac_cv_env_CC_set=set
ac_cv_env_CC_value=icc
ac_cv_env_CFLAGS_set=set
ac_cv_env_CFLAGS_value=' -lirc -liomp5 -limf -lsvml -lpthread -cxxlib=/tgac/software/testing/gcc/4.8.4/x86_64/ -fabi-version=2 -gcc-name=./gcc -gxx-name=./g++ -O3 -vec-report=5 -axCORE-AVX2 -opt-report=3 -opt-report-file=./report.rpt'
ac_cv_env_CPPFLAGS_set=set
ac_cv_env_CPPFLAGS_value='-I/tgac/software/testing/bin/core/../..//hpccore/5/x86_64/include -I/tgac/software/production/bin/core/../..//intel_studio/2013.3.sp1/x86_64/include '
ac_cv_env_CPP_set=set
ac_cv_env_CPP_value='icc -E'
ac_cv_env_CXXCPP_set=set
ac_cv_env_CXXCPP_value='icpc -E'
ac_cv_env_CXXFLAGS_set=set
ac_cv_env_CXXFLAGS_value=' -lirc -liomp5 -limf -lsvml -lpthread -cxxlib=/tgac/software/testing/gcc/4.8.4/x86_64/ -fabi-version=2 -gcc-name=./gcc -gxx-name=./g++ -O3 -vec-report=5 -axCORE-AVX2 -opt-report=3 -opt-report-file=./report.rpt'
ac_cv_env_CXX_set=set
ac_cv_env_CXX_value=icpc
ac_cv_env_LDFLAGS_set=set
ac_cv_env_LDFLAGS_value='-L/tgac/software/testing/bin/core/../..//hpccore/5/x86_64/include -L/tgac/software/production/bin/core/../..//intel_studio/2013.3.sp1/x86_64/include  -lirc -liomp5 -limf -lsvml -lpthread'
ac_cv_env_LIBS_set=
ac_cv_env_LIBS_value=
ac_cv_env_MD5_set=
ac_cv_env_MD5_value=
ac_cv_env_PKG_CONFIG_LIBDIR_set=
ac_cv_env_PKG_CONFIG_LIBDIR_value=
ac_cv_env_PKG_CONFIG_PATH_set=set
ac_cv_env_PKG_CONFIG_PATH_value=/tgac/software/testing/bin/core/../..//valgrind/3.8.1/x86_64/lib/pkgconfig:/tgac/software/testing/bin/core/../..//hpccore/5/x86_64/lib64/pkgconfig:/tgac/software/testing/bin/core/../..//hpccore/5/x86_64/lib/pkgconfig::/tgac/software/testing/valgrind/3.8.1/x86_64/lib/pkgconfig/
ac_cv_env_PKG_CONFIG_set=
ac_cv_env_PKG_CONFIG_value=
ac_cv_env_VALGRIND_CFLAGS_set=
ac_cv_env_VALGRIND_CFLAGS_value=
ac_cv_env_VALGRIND_LIBS_set=
ac_cv_env_VALGRIND_LIBS_value=
ac_cv_env_YAGGO_set=
ac_cv_env_YAGGO_value=
ac_cv_env_build_alias_set=
ac_cv_env_build_alias_value=
ac_cv_env_host_alias_set=
ac_cv_env_host_alias_value=
ac_cv_env_target_alias_set=
ac_cv_env_target_alias_value=
ac_cv_header_dlfcn_h=yes
ac_cv_header_execinfo_h=yes
ac_cv_header_ext_stdio_filebuf_h=yes
ac_cv_header_inttypes_h=yes
ac_cv_header_memory_h=yes
ac_cv_header_stdc=yes
ac_cv_header_stdint_h=yes
ac_cv_header_stdlib_h=yes
ac_cv_header_string_h=yes
ac_cv_header_strings_h=yes
ac_cv_header_sys_stat_h=yes
ac_cv_header_sys_types_h=yes
ac_cv_header_unistd_h=yes
ac_cv_host=x86_64-unknown-linux-gnu
ac_cv_member_siginfo_t_si_int=yes
ac_cv_objext=o
ac_cv_path_EGREP='/bin/grep -E'
ac_cv_path_FGREP='/bin/grep -F'
ac_cv_path_GREP=/bin/grep
ac_cv_path_SED=/bin/sed
ac_cv_path_YAGGO=false
ac_cv_path_ac_pt_PKG_CONFIG=/usr/bin/pkg-config
ac_cv_path_install='/usr/bin/install -c'
ac_cv_path_mkdir=/bin/mkdir
ac_cv_prog_AWK=gawk
ac_cv_prog_CPP='icc -E'
ac_cv_prog_CXXCPP='icpc -E'
ac_cv_prog_MD5=md5sum
ac_cv_prog_ac_ct_AR=ar
ac_cv_prog_ac_ct_CC=icc
ac_cv_prog_ac_ct_OBJDUMP=objdump
ac_cv_prog_ac_ct_RANLIB=ranlib
ac_cv_prog_ac_ct_STRIP=strip
ac_cv_prog_cc_c89=
ac_cv_prog_cc_g=yes
ac_cv_prog_cxx_g=yes
ac_cv_prog_make_make_set=yes
ac_cv_type___int128=yes
am_cv_CC_dependencies_compiler_type=gcc3
am_cv_CXX_dependencies_compiler_type=gcc3
am_cv_make_support_nested_variables=yes
lt_cv_ar_at_file=@
lt_cv_archive_cmds_need_lc=no
lt_cv_deplibs_check_method=pass_all
lt_cv_file_magic_cmd='$MAGIC_CMD'
lt_cv_file_magic_test_file=
lt_cv_ld_reload_flag=-r
lt_cv_nm_interface='BSD nm'
lt_cv_objdir=.libs
lt_cv_path_LD=xild
lt_cv_path_LDCXX='xild -m elf_x86_64'
lt_cv_path_NM='/usr/bin/nm -B'
lt_cv_path_mainfest_tool=no
lt_cv_prog_compiler_c_o=yes
lt_cv_prog_compiler_c_o_CXX=yes
lt_cv_prog_compiler_pic='-fPIC -DPIC'
lt_cv_prog_compiler_pic_CXX='-fPIC -DPIC'
lt_cv_prog_compiler_pic_works=yes
lt_cv_prog_compiler_pic_works_CXX=yes
lt_cv_prog_compiler_rtti_exceptions=yes
lt_cv_prog_compiler_static_works=no
lt_cv_prog_compiler_static_works_CXX=no
lt_cv_prog_gnu_ld=yes
lt_cv_prog_gnu_ldcxx=yes
lt_cv_sharedlib_from_linklib_cmd='printf %s\n'
lt_cv_shlibpath_overrides_runpath=no
lt_cv_sys_global_symbol_pipe='sed -n -e '\''s/^.*[	 ]\([ABCDGIRSTW][ABCDGIRSTW]*\)[	 ][	 ]*\([_A-Za-z][_A-Za-z0-9]*\)$/\1 \2 \2/p'\'' | sed '\''/ __gnu_lto/d'\'''
lt_cv_sys_global_symbol_to_c_name_address='sed -n -e '\''s/^: \([^ ]*\)[ ]*$/  {\"\1\", (void *) 0},/p'\'' -e '\''s/^[ABCDGIRSTW]* \([^ ]*\) \([^ ]*\)$/  {"\2", (void *) \&\2},/p'\'''
lt_cv_sys_global_symbol_to_c_name_address_lib_prefix='sed -n -e '\''s/^: \([^ ]*\)[ ]*$/  {\"\1\", (void *) 0},/p'\'' -e '\''s/^[ABCDGIRSTW]* \([^ ]*\) \(lib[^ ]*\)$/  {"\2", (void *) \&\2},/p'\'' -e '\''s/^[ABCDGIRSTW]* \([^ ]*\) \([^ ]*\)$/  {"lib\2", (void *) \&\2},/p'\'''
lt_cv_sys_global_symbol_to_cdecl='sed -n -e '\''s/^T .* \(.*\)$/extern int \1();/p'\'' -e '\''s/^[ABCDGIRSTW]* .* \(.*\)$/extern char \1;/p'\'''
lt_cv_sys_max_cmd_len=1966080
lt_cv_to_host_file_cmd=func_convert_file_noop
lt_cv_to_tool_file_cmd=func_convert_file_noop

## ----------------- ##
## Output variables. ##
## ----------------- ##

ACLOCAL='${SHELL} /tgac/software/testing/jellyfish/2.1.4-parallel/src/jellyfish-2.1.4/missing --run aclocal-1.11'
ALL_CXXFLAGS='-std=c++0x'
AMDEPBACKSLASH='\'
AMDEP_FALSE='#'
AMDEP_TRUE=''
AMTAR='$${TAR-tar}'
AM_BACKSLASH='\'
AM_DEFAULT_V='$(AM_DEFAULT_VERBOSITY)'
AM_DEFAULT_VERBOSITY='0'
AM_V='$(V)'
AR='ar'
AUTOCONF='${SHELL} /tgac/software/testing/jellyfish/2.1.4-parallel/src/jellyfish-2.1.4/missing --run autoconf'
AUTOHEADER='${SHELL} /tgac/software/testing/jellyfish/2.1.4-parallel/src/jellyfish-2.1.4/missing --run autoheader'
AUTOMAKE='${SHELL} /tgac/software/testing/jellyfish/2.1.4-parallel/src/jellyfish-2.1.4/missing --run automake-1.11'
AWK='gawk'
CC='icc'
CCDEPMODE='depmode=gcc3'
CFLAGS=' -lirc -liomp5 -limf -lsvml -lpthread -cxxlib=/tgac/software/testing/gcc/4.8.4/x86_64/ -fabi-version=2 -gcc-name=./gcc -gxx-name=./g++ -O3 -vec-report=5 -axCORE-AVX2 -opt-report=3 -opt-report-file=./report.rpt'
CPP='icc -E'
CPPFLAGS='-I/tgac/software/testing/bin/core/../..//hpccore/5/x86_64/include -I/tgac/software/production/bin/core/../..//intel_studio/2013.3.sp1/x86_64/include '
CXX='icpc'
CXXCPP='icpc -E'
CXXDEPMODE='depmode=gcc3'
CXXFLAGS='-std=c++0x  -lirc -liomp5 -limf -lsvml -lpthread -cxxlib=/tgac/software/testing/gcc/4.8.4/x86_64/ -fabi-version=2 -gcc-name=./gcc -gxx-name=./g++ -O3 -vec-report=5 -axCORE-AVX2 -opt-report=3 -opt-report-file=./report.rpt'
CYGPATH_W='echo'
DEFS='-DHAVE_CONFIG_H'
DEPDIR='.deps'
DLLTOOL='false'
DSYMUTIL=''
DUMPBIN=''
ECHO_C=''
ECHO_N='-n'
ECHO_T=''
EGREP='/bin/grep -E'
EXEEXT=''
FGREP='/bin/grep -F'
GREP='/bin/grep'
INSTALL_DATA='${INSTALL} -m 644'
INSTALL_PROGRAM='${INSTALL}'
INSTALL_SCRIPT='${INSTALL}'
INSTALL_STRIP_PROGRAM='$(install_sh) -c -s'
LD='xild -m elf_x86_64'
LDFLAGS='-L/tgac/software/testing/bin/core/../..//hpccore/5/x86_64/include -L/tgac/software/production/bin/core/../..//intel_studio/2013.3.sp1/x86_64/include  -lirc -liomp5 -limf -lsvml -lpthread'
LIBOBJS=''
LIBS=''
LIBTOOL='$(SHELL) $(top_builddir)/libtool'
LIPO=''
LN_S='ln -s'
LTLIBOBJS=''
MAKEINFO='${SHELL} /tgac/software/testing/jellyfish/2.1.4-parallel/src/jellyfish-2.1.4/missing --run makeinfo'
MANIFEST_TOOL=':'
MD5='md5sum'
MKDIR_P='/bin/mkdir -p'
NM='/usr/bin/nm -B'
NMEDIT=''
OBJDUMP='objdump'
OBJEXT='o'
OTOOL64=''
OTOOL=''
PACKAGE='jellyfish'
PACKAGE_BUGREPORT='gmarcais@umd.edu'
PACKAGE_LIB='2.0'
PACKAGE_NAME='jellyfish'
PACKAGE_STRING='jellyfish 2.1.4'
PACKAGE_TARNAME='jellyfish'
PACKAGE_URL=''
PACKAGE_VERSION='2.1.4'
PATH_SEPARATOR=':'
PKG_CONFIG='/usr/bin/pkg-config'
PKG_CONFIG_LIBDIR=''
PKG_CONFIG_PATH='/tgac/software/testing/bin/core/../..//valgrind/3.8.1/x86_64/lib/pkgconfig:/tgac/software/testing/bin/core/../..//hpccore/5/x86_64/lib64/pkgconfig:/tgac/software/testing/bin/core/../..//hpccore/5/x86_64/lib/pkgconfig::/tgac/software/testing/valgrind/3.8.1/x86_64/lib/pkgconfig/'
RANLIB='ranlib'
SED='/bin/sed'
SET_MAKE=''
SHELL='/bin/sh'
STATIC_FLAGS=''
STRIP='strip'
VALGRIND_CFLAGS=''
VALGRIND_LIBS=''
VERSION='2.1.4'
YAGGO='false'
ac_ct_AR='ar'
ac_ct_CC='icc'
ac_ct_CXX=''
ac_ct_DUMPBIN=''
am__EXEEXT_FALSE=''
am__EXEEXT_TRUE='#'
am__fastdepCC_FALSE='#'
am__fastdepCC_TRUE=''
am__fastdepCXX_FALSE='#'
am__fastdepCXX_TRUE=''
am__include='include'
am__isrc=''
am__leading_dot='.'
am__nodep='_no'
am__quote=''
am__tar='$${TAR-tar} chof - "$$tardir"'
am__untar='$${TAR-tar} xf -'
bindir='${exec_prefix}/bin'
build='x86_64-unknown-linux-gnu'
build_alias=''
build_cpu='x86_64'
build_os='linux-gnu'
build_vendor='unknown'
datadir='${datarootdir}'
datarootdir='${prefix}/share'
docdir='${datarootdir}/doc/${PACKAGE_TARNAME}'
dvidir='${docdir}'
exec_prefix='${prefix}'
host='x86_64-unknown-linux-gnu'
host_alias=''
host_cpu='x86_64'
host_os='linux-gnu'
host_vendor='unknown'
htmldir='${docdir}'
includedir='${prefix}/include'
infodir='${datarootdir}/info'
install_sh='${SHELL} /tgac/software/testing/jellyfish/2.1.4-parallel/src/jellyfish-2.1.4/install-sh'
libdir='${exec_prefix}/lib'
libexecdir='${exec_prefix}/libexec'
localedir='${datarootdir}/locale'
localstatedir='${prefix}/var'
mandir='${datarootdir}/man'
mkdir_p='/bin/mkdir -p'
oldincludedir='/usr/include'
pdfdir='${docdir}'
prefix='/tgac/software/testing/jellyfish/2.1.4-parallel/x86_64/intel/O3-vec'
program_transform_name='s,x,x,'
psdir='${docdir}'
sbindir='${exec_prefix}/sbin'
sharedstatedir='${prefix}/com'
sysconfdir='${prefix}/etc'
target_alias=''

## ----------- ##
## confdefs.h. ##
## ----------- ##

/* confdefs.h */
#define PACKAGE_NAME "jellyfish"
#define PACKAGE_TARNAME "jellyfish"
#define PACKAGE_VERSION "2.1.4"
#define PACKAGE_STRING "jellyfish 2.1.4"
#define PACKAGE_BUGREPORT "gmarcais@umd.edu"
#define PACKAGE_URL ""
#define PACKAGE "jellyfish"
#define VERSION "2.1.4"
#define STDC_HEADERS 1
#define HAVE_SYS_TYPES_H 1
#define HAVE_SYS_STAT_H 1
#define HAVE_STDLIB_H 1
#define HAVE_STRING_H 1
#define HAVE_MEMORY_H 1
#define HAVE_STRINGS_H 1
#define HAVE_INTTYPES_H 1
#define HAVE_STDINT_H 1
#define HAVE_UNISTD_H 1
#define HAVE_DLFCN_H 1
#define LT_OBJDIR ".libs/"
#define HAVE_SSE 1
#define HAVE_INT128 1
#define HAVE_EXECINFO_H 1
#define HAVE_EXT_STDIO_FILEBUF_H 1
#define HAVE_SI_INT 1

configure: exit 1

## ---------------------- ##
## Running config.status. ##
## ---------------------- ##

This file was extended by jellyfish config.status 2.1.4, which was
generated by GNU Autoconf 2.68.  Invocation command line was

  CONFIG_FILES    = 
  CONFIG_HEADERS  = 
  CONFIG_LINKS    = 
  CONFIG_COMMANDS = 
  $ ./config.status config.h

on v0267

config.status:1177: creating config.h
config.status:1358: config.h is unchanged

## ---------------------- ##
## Running config.status. ##
## ---------------------- ##

This file was extended by jellyfish config.status 2.1.4, which was
generated by GNU Autoconf 2.68.  Invocation command line was

  CONFIG_FILES    = 
  CONFIG_HEADERS  = 
  CONFIG_LINKS    = 
  CONFIG_COMMANDS = 
  $ ./config.status jellyfish-2.0.pc

on v0267

config.status:1177: creating jellyfish-2.0.pc
